============================================================
<== Training Started ==>
Model: efficient_net
Timestamp: 20260305_120158
Device: mps
modification: focal loss gamma = 2 with class weight computation
============================================================

Epoch 1/10
Train Acc: 48.80%
Val Acc:   59.71%
✅ New best model saved

Epoch 2/10
Train Acc: 60.19%
Val Acc:   66.76%
✅ New best model saved

Epoch 3/10
Train Acc: 64.20%
Val Acc:   69.53%
✅ New best model saved

Epoch 4/10
Train Acc: 67.31%
Val Acc:   72.33%
✅ New best model saved

Epoch 5/10
Train Acc: 70.18%
Val Acc:   75.30%
✅ New best model saved

Epoch 6/10
Train Acc: 72.62%
Val Acc:   78.14%
✅ New best model saved

Epoch 7/10
Train Acc: 75.10%
Val Acc:   80.42%
✅ New best model saved

Epoch 8/10
Train Acc: 77.45%
Val Acc:   82.69%
✅ New best model saved

Epoch 9/10
Train Acc: 78.94%
Val Acc:   83.46%
✅ New best model saved

Epoch 10/10
Train Acc: 80.00%
Val Acc:   84.21%
✅ New best model saved
============================================================
Training Finished
Best Validation Accuracy: 84.21%
============================================================
