============================================================
<== Training Started ==>
Model: efficient_net
Timestamp: 20260304_000942
Device: mps
============================================================

Epoch 1/10
Train Acc: 49.79%
Val Acc:   58.71%
✅ New best model saved

Epoch 2/10
Train Acc: 61.49%
Val Acc:   62.43%
✅ New best model saved

Epoch 3/10
Train Acc: 66.00%
Val Acc:   64.63%
✅ New best model saved

Epoch 4/10
Train Acc: 69.29%
Val Acc:   64.70%
✅ New best model saved

Epoch 5/10
Train Acc: 72.07%
Val Acc:   65.66%
✅ New best model saved

Epoch 6/10
Train Acc: 75.29%
Val Acc:   66.75%
✅ New best model saved

Epoch 7/10
Train Acc: 78.30%
Val Acc:   67.00%
✅ New best model saved

Epoch 8/10
Train Acc: 80.48%
Val Acc:   67.01%
✅ New best model saved

Epoch 9/10
Train Acc: 82.24%
Val Acc:   67.46%
✅ New best model saved

Epoch 10/10
Train Acc: 83.03%
Val Acc:   67.14%
============================================================
Training Finished
Best Validation Accuracy: 67.46%
============================================================
