============================================================
<== Training Started ==>
Model: efficient_net
Timestamp: 20260304_000146
Device: mps
modification: default model with no finetuning
============================================================

Epoch 1/10
Train Acc: 41.45%
Val Acc:   49.74%
✅ New best model saved

Epoch 2/10
Train Acc: 55.15%
Val Acc:   55.24%
✅ New best model saved

Epoch 3/10
Train Acc: 61.93%
Val Acc:   57.20%
✅ New best model saved

Epoch 4/10
Train Acc: 67.45%
Val Acc:   59.24%
✅ New best model saved

Epoch 5/10
Train Acc: 73.14%
Val Acc:   58.90%

Epoch 6/10
Train Acc: 78.51%
Val Acc:   59.97%
✅ New best model saved

Epoch 7/10
Train Acc: 83.29%
Val Acc:   60.30%
✅ New best model saved

Epoch 8/10
Train Acc: 87.56%
Val Acc:   59.93%

Epoch 9/10
Train Acc: 89.66%
Val Acc:   59.95%

Epoch 10/10
Train Acc: 90.85%
Val Acc:   60.09%
============================================================
Training Finished
Best Validation Accuracy: 60.30%
============================================================
