============================================================
<== Training Started ==>
Model: mobilenet_small
Timestamp: 20260304_213020
Device: mps
modification: weight decay of 0.05 and learning rate 3e-4 in adamW optimizer
============================================================

Epoch 1/10
Train Acc: 47.42%
Val Acc:   53.81%
✅ New best model saved

Epoch 2/10
Train Acc: 58.18%
Val Acc:   61.49%
✅ New best model saved

Epoch 3/10
Train Acc: 61.80%
Val Acc:   64.93%
✅ New best model saved

Epoch 4/10
Train Acc: 64.81%
Val Acc:   67.76%
✅ New best model saved

Epoch 5/10
Train Acc: 67.28%
Val Acc:   69.35%
✅ New best model saved

Epoch 6/10
Train Acc: 69.15%
Val Acc:   71.17%
✅ New best model saved

Epoch 7/10
Train Acc: 70.92%
Val Acc:   73.43%
✅ New best model saved

Epoch 8/10
Train Acc: 72.30%
Val Acc:   74.93%
✅ New best model saved

Epoch 9/10
Train Acc: 73.77%
Val Acc:   75.82%
✅ New best model saved

Epoch 10/10
Train Acc: 74.15%
Val Acc:   76.23%
✅ New best model saved
============================================================
Training Finished
Best Validation Accuracy: 76.23%
============================================================
