============================================================
<== Training Started ==>
Model: mobilenet_small
Timestamp: 20260304_220427
Device: mps
modification: learning rate 5e-5 for backbone layers and 3e-4 for the classifier head
============================================================

Epoch 1/10
Train Acc: 40.71%
Val Acc:   47.97%
✅ New best model saved

Epoch 2/10
Train Acc: 51.04%
Val Acc:   55.20%
✅ New best model saved

Epoch 3/10
Train Acc: 54.84%
Val Acc:   58.36%
✅ New best model saved

Epoch 4/10
Train Acc: 57.51%
Val Acc:   60.46%
✅ New best model saved

Epoch 5/10
Train Acc: 58.46%
Val Acc:   61.82%
✅ New best model saved

Epoch 6/10
Train Acc: 60.35%
Val Acc:   63.16%
✅ New best model saved

Epoch 7/10
Train Acc: 61.35%
Val Acc:   63.62%
✅ New best model saved

Epoch 8/10
Train Acc: 62.04%
Val Acc:   64.08%
✅ New best model saved

Epoch 9/10
Train Acc: 62.61%
Val Acc:   64.94%
✅ New best model saved

Epoch 10/10
Train Acc: 63.06%
Val Acc:   64.69%
============================================================
Training Finished
Best Validation Accuracy: 64.94%
============================================================
