============================================================
<== Training Started ==>
Model: mobilenet_small
Timestamp: 20260305_090430
Device: mps
============================================================

Epoch 1/10
Train Acc: 32.49%
Val Acc:   52.33%
✅ New best model saved

Epoch 2/10
Train Acc: 36.73%
Val Acc:   57.00%
✅ New best model saved

Epoch 3/10
Train Acc: 38.88%
Val Acc:   59.80%
✅ New best model saved

Epoch 4/10
Train Acc: 40.02%
Val Acc:   62.71%
✅ New best model saved

Epoch 5/10
Train Acc: 41.89%
Val Acc:   64.89%
✅ New best model saved

Epoch 6/10
Train Acc: 42.92%
Val Acc:   65.86%
✅ New best model saved

Epoch 7/10
Train Acc: 41.86%
Val Acc:   66.97%
✅ New best model saved

Epoch 8/10
Train Acc: 43.73%
Val Acc:   67.63%
✅ New best model saved

Epoch 9/10
Train Acc: 43.65%
Val Acc:   68.72%
✅ New best model saved

Epoch 10/10
Train Acc: 44.34%
Val Acc:   68.46%
============================================================
Training Finished
Best Validation Accuracy: 68.72%
============================================================
