============================================================
<== Training Started ==>
Model: mobilenet_small
Timestamp: 20260304_231551
Device: mps
modification: focal loss gamma = 1 in criterion
============================================================

Epoch 1/10
Train Acc: 46.45%
Val Acc:   55.92%
✅ New best model saved

Epoch 2/10
Train Acc: 57.60%
Val Acc:   60.32%
✅ New best model saved

Epoch 3/10
Train Acc: 61.46%
Val Acc:   63.31%
✅ New best model saved

Epoch 4/10
Train Acc: 64.00%
Val Acc:   66.44%
✅ New best model saved

Epoch 5/10
Train Acc: 66.22%
Val Acc:   68.74%
✅ New best model saved

Epoch 6/10
Train Acc: 68.27%
Val Acc:   69.66%
✅ New best model saved

Epoch 7/10
Train Acc: 69.92%
Val Acc:   72.15%
✅ New best model saved

Epoch 8/10
Train Acc: 70.92%
Val Acc:   73.25%
✅ New best model saved

Epoch 9/10
Train Acc: 72.12%
Val Acc:   74.61%
✅ New best model saved

Epoch 10/10
Train Acc: 72.51%
Val Acc:   74.56%
============================================================
Training Finished
Best Validation Accuracy: 74.61%
============================================================
