============================================================
<== Training Started ==>
Model: mobilenet_v3_small
Timestamp: 20260303_225742
Device: mps
modification: used augmented and cleaned data with no transforms
============================================================

Epoch 1/10
Train Acc: 32.36%
Val Acc:   38.17%
✅ New best model saved

Epoch 2/10
Train Acc: 44.82%
Val Acc:   44.94%
✅ New best model saved

Epoch 3/10
Train Acc: 50.37%
Val Acc:   47.67%
✅ New best model saved

Epoch 4/10
Train Acc: 55.16%
Val Acc:   49.07%
✅ New best model saved

Epoch 5/10
Train Acc: 59.93%
Val Acc:   49.46%
✅ New best model saved

Epoch 6/10
Train Acc: 63.92%
Val Acc:   49.75%
✅ New best model saved

Epoch 7/10
Train Acc: 68.29%
Val Acc:   50.14%
✅ New best model saved

Epoch 8/10
Train Acc: 72.01%
Val Acc:   50.57%
✅ New best model saved

Epoch 9/10
Train Acc: 74.74%
Val Acc:   49.85%

Epoch 10/10
Train Acc: 76.11%
Val Acc:   50.28%
============================================================
Training Finished
Best Validation Accuracy: 50.57%
============================================================
