============================================================
<== Training Started ==>
Model: mobilenet_v3_small
Timestamp: 20260304_175735
Device: mps
modification: added label smoothing = 0.1 in cross entropy loss
============================================================

Epoch 1/10
Train Acc: 47.26%
Val Acc:   56.92%
✅ New best model saved

Epoch 2/10
Train Acc: 58.32%
Val Acc:   61.29%
✅ New best model saved

Epoch 3/10
Train Acc: 62.03%
Val Acc:   64.33%
✅ New best model saved

Epoch 4/10
Train Acc: 64.82%
Val Acc:   65.54%
✅ New best model saved

Epoch 5/10
Train Acc: 67.39%
Val Acc:   70.00%
✅ New best model saved

Epoch 6/10
Train Acc: 69.55%
Val Acc:   71.43%
✅ New best model saved

Epoch 7/10
Train Acc: 71.25%
Val Acc:   73.93%
✅ New best model saved

Epoch 8/10
Train Acc: 72.84%
Val Acc:   75.41%
✅ New best model saved

Epoch 9/10
Train Acc: 73.86%
Val Acc:   76.13%
✅ New best model saved

Epoch 10/10
Train Acc: 74.23%
Val Acc:   75.96%
============================================================
Training Finished
Best Validation Accuracy: 76.13%
============================================================
