============================================================
<== Training Started ==>
Model: mobilenet_v3_small
Timestamp: 20260303_232706
Device: mps
modification: changed adamW learning rate from 3e-4 to 1e-4
============================================================

Epoch 1/10
Train Acc: 40.79%
Val Acc:   49.43%
✅ New best model saved

Epoch 2/10
Train Acc: 52.99%
Val Acc:   54.82%
✅ New best model saved

Epoch 3/10
Train Acc: 56.78%
Val Acc:   56.80%
✅ New best model saved

Epoch 4/10
Train Acc: 59.17%
Val Acc:   58.46%
✅ New best model saved

Epoch 5/10
Train Acc: 61.08%
Val Acc:   59.67%
✅ New best model saved

Epoch 6/10
Train Acc: 62.46%
Val Acc:   60.37%
✅ New best model saved

Epoch 7/10
Train Acc: 63.92%
Val Acc:   60.27%

Epoch 8/10
Train Acc: 64.24%
Val Acc:   60.99%
✅ New best model saved

Epoch 9/10
Train Acc: 64.53%
Val Acc:   61.20%
✅ New best model saved

Epoch 10/10
Train Acc: 64.86%
Val Acc:   60.84%
============================================================
Training Finished
Best Validation Accuracy: 61.20%
============================================================
