============================================================
<== Training Started ==>
Model: mobilenet_v3_small
Timestamp: 20260304_033158
Device: mps
modification: resizing to 224 x 224, increasing channels to 3 and using a clean balanced test set
============================================================

Epoch 1/10
Train Acc: 46.87%
Val Acc:   55.88%
✅ New best model saved

Epoch 2/10
Train Acc: 57.72%
Val Acc:   59.77%
✅ New best model saved

Epoch 3/10
Train Acc: 62.14%
Val Acc:   64.90%
✅ New best model saved

Epoch 4/10
Train Acc: 64.10%
Val Acc:   68.25%
✅ New best model saved

Epoch 5/10
Train Acc: 67.09%
Val Acc:   69.46%
✅ New best model saved

Epoch 6/10
Train Acc: 68.78%
Val Acc:   71.86%
✅ New best model saved

Epoch 7/10
Train Acc: 70.82%
Val Acc:   73.21%
✅ New best model saved

Epoch 8/10
Train Acc: 71.96%
Val Acc:   74.59%
✅ New best model saved

Epoch 9/10
Train Acc: 73.37%
Val Acc:   75.55%
✅ New best model saved

Epoch 10/10
Train Acc: 73.83%
Val Acc:   75.76%
✅ New best model saved
============================================================
Training Finished
Best Validation Accuracy: 75.76%
============================================================
