==================================================
Model: vit
Device: mps
Start Memory: 539.52 MB
==================================================

Epoch 1/10
Train Loss: 1.2271
Train Acc: 27.59%
Val Acc:   38.38%
Macro F1:  0.2466
✅ New best model saved

Epoch 2/10
Train Loss: 1.0327
Train Acc: 38.52%
Val Acc:   42.96%
Macro F1:  0.3352
✅ New best model saved

Epoch 3/10
Train Loss: 0.9401
Train Acc: 43.71%
Val Acc:   48.44%
Macro F1:  0.3750
✅ New best model saved

Epoch 4/10
Train Loss: 0.8579
Train Acc: 47.55%
Val Acc:   53.64%
Macro F1:  0.4455
✅ New best model saved

Epoch 5/10
Train Loss: 0.7901
Train Acc: 50.96%
Val Acc:   54.56%
Macro F1:  0.4597
✅ New best model saved

Epoch 6/10
Train Loss: 0.7247
Train Acc: 54.33%
Val Acc:   57.43%
Macro F1:  0.5108
✅ New best model saved

Epoch 7/10
Train Loss: 0.6707
Train Acc: 56.83%
Val Acc:   59.96%
Macro F1:  0.5241
✅ New best model saved

Epoch 8/10
Train Loss: 0.6167
Train Acc: 59.63%
Val Acc:   62.30%
Macro F1:  0.5463
✅ New best model saved

Epoch 9/10
Train Loss: 0.5739
Train Acc: 61.50%
Val Acc:   63.49%
Macro F1:  0.5886
✅ New best model saved

Epoch 10/10
Train Loss: 0.5435
Train Acc: 63.21%
Val Acc:   64.52%
Macro F1:  0.6076
✅ New best model saved

==================================================
Training Time: 4560.37 sec
Memory Used: -35.31 MB
==================================================
