==================================================
Strategy: adasyn
Model: efficientnet
Device: mps
Start Memory: 1996.69 MB
==================================================

Epoch 1/10
Train Loss: 1.1397
Train Acc: 56.50%
Val Acc:   60.45%
Macro F1:  0.5563
✅ New best model saved

Epoch 2/10
Train Loss: 0.7776
Train Acc: 71.08%
Val Acc:   64.52%
Macro F1:  0.6015
✅ New best model saved

Epoch 3/10
Train Loss: 0.5770
Train Acc: 78.97%
Val Acc:   64.39%
Macro F1:  0.6148

Epoch 4/10
Train Loss: 0.4013
Train Acc: 85.74%
Val Acc:   64.74%
Macro F1:  0.6179
✅ New best model saved

Epoch 5/10
Train Loss: 0.2648
Train Acc: 90.85%
Val Acc:   65.35%
Macro F1:  0.6218
✅ New best model saved

Epoch 6/10
Train Loss: 0.1693
Train Acc: 94.07%
Val Acc:   65.55%
Macro F1:  0.6269
✅ New best model saved

Epoch 7/10
Train Loss: 0.1088
Train Acc: 96.33%
Val Acc:   65.07%
Macro F1:  0.6223

Epoch 8/10
Train Loss: 0.0719
Train Acc: 97.63%
Val Acc:   65.90%
Macro F1:  0.6325
✅ New best model saved

Epoch 9/10
Train Loss: 0.0556
Train Acc: 98.14%
Val Acc:   65.92%
Macro F1:  0.6285
✅ New best model saved

Epoch 10/10
Train Loss: 0.0463
Train Acc: 98.48%
Val Acc:   65.83%
Macro F1:  0.6277

==================================================
Training Time: 3924.36 sec
Memory Used: 145.98 MB
==================================================
