==================================================
Strategy: mixup
Model: efficientnet
Device: mps
Start Memory: 1116.95 MB
==================================================

Epoch 1/10
Train Loss: 1.4450
Train Acc: 34.89%
Val Acc:   59.85%
Macro F1:  0.5153
✅ New best model saved

Epoch 2/10
Train Loss: 1.2551
Train Acc: 39.32%
Val Acc:   63.29%
Macro F1:  0.5666
✅ New best model saved

Epoch 3/10
Train Loss: 1.1686
Train Acc: 40.05%
Val Acc:   66.41%
Macro F1:  0.6116
✅ New best model saved

Epoch 4/10
Train Loss: 1.1216
Train Acc: 41.42%
Val Acc:   68.39%
Macro F1:  0.6413
✅ New best model saved

Epoch 5/10
Train Loss: 1.0518
Train Acc: 44.48%
Val Acc:   68.85%
Macro F1:  0.6488
✅ New best model saved

Epoch 6/10
Train Loss: 1.0203
Train Acc: 44.31%
Val Acc:   69.53%
Macro F1:  0.6641
✅ New best model saved

Epoch 7/10
Train Loss: 0.9786
Train Acc: 45.29%
Val Acc:   69.98%
Macro F1:  0.6705
✅ New best model saved

Epoch 8/10
Train Loss: 0.9586
Train Acc: 46.94%
Val Acc:   70.70%
Macro F1:  0.6822
✅ New best model saved

Epoch 9/10
Train Loss: 0.8927
Train Acc: 47.68%
Val Acc:   71.08%
Macro F1:  0.6891
✅ New best model saved

Epoch 10/10
Train Loss: 0.8972
Train Acc: 47.78%
Val Acc:   70.94%
Macro F1:  0.6874

==================================================
Training Time: 2284.16 sec
Memory Used: 154.45 MB
==================================================
