============================================================
<== Training Started ==>
Model: mobilenet_v3_small
Timestamp: 20260303_223353
Device: mps
modification: adding image transformations in dataset.py for increased variety in dataset
============================================================

Epoch 1/10
Train Acc: 47.49%
Val Acc:   54.08%
✅ New best model saved

Epoch 2/10
Train Acc: 57.17%
Val Acc:   58.85%
✅ New best model saved

Epoch 3/10
Train Acc: 61.14%
Val Acc:   61.06%
✅ New best model saved

Epoch 4/10
Train Acc: 62.73%
Val Acc:   61.33%
✅ New best model saved

Epoch 5/10
Train Acc: 64.74%
Val Acc:   61.56%
✅ New best model saved

Epoch 6/10
Train Acc: 66.64%
Val Acc:   63.74%
✅ New best model saved

Epoch 7/10
Train Acc: 68.22%
Val Acc:   63.37%

Epoch 8/10
Train Acc: 69.07%
Val Acc:   64.42%
✅ New best model saved

Epoch 9/10
Train Acc: 70.19%
Val Acc:   65.09%
✅ New best model saved

Epoch 10/10
Train Acc: 71.02%
Val Acc:   64.53%
============================================================
Training Finished
Best Validation Accuracy: 65.09%
============================================================
