============================================================
<== Training Started ==>
Model: mobilenet_small
Timestamp: 20260305_080256
Device: mps
============================================================

Epoch 1/10
Train Acc: 40.49%
Val Acc:   56.25%
✅ New best model saved

Epoch 2/10
Train Acc: 47.94%
Val Acc:   60.03%
✅ New best model saved

Epoch 3/10
Train Acc: 51.36%
Val Acc:   63.71%
✅ New best model saved

Epoch 4/10
Train Acc: 53.18%
Val Acc:   63.28%
No improvement for 1 epoch(s)

Epoch 5/10
Train Acc: 54.66%
Val Acc:   66.88%
✅ New best model saved

Epoch 6/10
Train Acc: 56.76%
Val Acc:   69.10%
✅ New best model saved

Epoch 7/10
Train Acc: 57.48%
Val Acc:   70.60%
✅ New best model saved

Epoch 8/10
Train Acc: 59.02%
Val Acc:   71.54%
✅ New best model saved

Epoch 9/10
Train Acc: 59.96%
Val Acc:   72.16%
✅ New best model saved

Epoch 10/10
Train Acc: 59.66%
Val Acc:   72.66%
✅ New best model saved
============================================================
Training Finished
Best Validation Accuracy: 72.66%
============================================================
