============================================================
<== Training Started ==>
Model: mobilenet_small
Timestamp: 20260305_104618
Device: mps
modification: dropout of 0.3 in classifier
============================================================

Epoch 1/10
Train Acc: 48.98%
Val Acc:   55.03%
✅ New best model saved

Epoch 2/10
Train Acc: 58.53%
Val Acc:   61.08%
✅ New best model saved

Epoch 3/10
Train Acc: 62.60%
Val Acc:   65.10%
✅ New best model saved

Epoch 4/10
Train Acc: 65.24%
Val Acc:   67.65%
✅ New best model saved

Epoch 5/10
Train Acc: 67.00%
Val Acc:   69.22%
✅ New best model saved

Epoch 6/10
Train Acc: 69.51%
Val Acc:   71.71%
✅ New best model saved

Epoch 7/10
Train Acc: 71.28%
Val Acc:   73.68%
✅ New best model saved

Epoch 8/10
Train Acc: 73.21%
Val Acc:   75.23%
✅ New best model saved

Epoch 9/10
Train Acc: 74.01%
Val Acc:   76.10%
✅ New best model saved

Epoch 10/10
Train Acc: 74.76%
Val Acc:   76.39%
✅ New best model saved
============================================================
Training Finished
Best Validation Accuracy: 76.39%
============================================================
