============================================================
<== Training Started ==>
Model: mobilenet_small
Timestamp: 20260305_002513
Device: mps
modification: early stopping with transforms
============================================================

Epoch 1/10
Train Acc: 47.28%
Val Acc:   55.90%
✅ New best model saved

Epoch 2/10
Train Acc: 57.38%
Val Acc:   61.59%
✅ New best model saved

Epoch 3/10
Train Acc: 61.33%
Val Acc:   62.19%
✅ New best model saved

Epoch 4/10
Train Acc: 64.29%
Val Acc:   67.07%
✅ New best model saved

Epoch 5/10
Train Acc: 66.41%
Val Acc:   68.44%
✅ New best model saved

Epoch 6/10
Train Acc: 68.28%
Val Acc:   70.79%
✅ New best model saved

Epoch 7/10
Train Acc: 70.20%
Val Acc:   72.46%
✅ New best model saved

Epoch 8/10
Train Acc: 71.73%
Val Acc:   74.05%
✅ New best model saved

Epoch 9/10
Train Acc: 72.80%
Val Acc:   74.72%
✅ New best model saved

Epoch 10/10
Train Acc: 73.26%
Val Acc:   75.01%
✅ New best model saved
============================================================
Training Finished
Best Validation Accuracy: 75.01%
============================================================
