============================================================
<== Training Started ==>
Model: mobilenet_small
Timestamp: 20260304_224817
Device: mps
modification: focal loss gamma = 2 in criterion
============================================================

Epoch 1/10
Train Acc: 46.78%
Val Acc:   52.95%
✅ New best model saved

Epoch 2/10
Train Acc: 57.29%
Val Acc:   60.25%
✅ New best model saved

Epoch 3/10
Train Acc: 60.85%
Val Acc:   64.13%
✅ New best model saved

Epoch 4/10
Train Acc: 63.52%
Val Acc:   66.19%
✅ New best model saved

Epoch 5/10
Train Acc: 65.75%
Val Acc:   67.01%
✅ New best model saved

Epoch 6/10
Train Acc: 67.58%
Val Acc:   69.87%
✅ New best model saved

Epoch 7/10
Train Acc: 68.92%
Val Acc:   71.54%
✅ New best model saved

Epoch 8/10
Train Acc: 70.42%
Val Acc:   73.01%
✅ New best model saved

Epoch 9/10
Train Acc: 71.34%
Val Acc:   73.39%
✅ New best model saved

Epoch 10/10
Train Acc: 72.01%
Val Acc:   74.22%
✅ New best model saved
============================================================
Training Finished
Best Validation Accuracy: 74.22%
============================================================
