============================================================
<== Training Started ==>
Model: mobilenet_small
Timestamp: 20260304_210301
Device: mps
modification: weight decay of 0.05 and learning rate 5e-5 in adamW optimizer
============================================================

Epoch 1/10
Train Acc: 34.89%
Val Acc:   43.82%
✅ New best model saved

Epoch 2/10
Train Acc: 48.51%
Val Acc:   52.46%
✅ New best model saved

Epoch 3/10
Train Acc: 52.70%
Val Acc:   55.84%
✅ New best model saved

Epoch 4/10
Train Acc: 55.24%
Val Acc:   58.17%
✅ New best model saved

Epoch 5/10
Train Acc: 56.55%
Val Acc:   59.48%
✅ New best model saved

Epoch 6/10
Train Acc: 58.37%
Val Acc:   60.52%
✅ New best model saved

Epoch 7/10
Train Acc: 58.17%
Val Acc:   61.22%
✅ New best model saved

Epoch 8/10
Train Acc: 59.48%
Val Acc:   61.63%
✅ New best model saved

Epoch 9/10
Train Acc: 59.75%
Val Acc:   61.41%

Epoch 10/10
Train Acc: 59.87%
Val Acc:   61.74%
✅ New best model saved
============================================================
Training Finished
Best Validation Accuracy: 61.74%
============================================================
