============================================================
<== Training Started ==>
Model: mobilenet_small
Timestamp: 20260305_083141
Device: mps
============================================================

Epoch 1/10
Train Acc: 30.21%
Val Acc:   52.48%
✅ New best model saved

Epoch 2/10
Train Acc: 34.81%
Val Acc:   57.81%
✅ New best model saved

Epoch 3/10
Train Acc: 36.24%
Val Acc:   60.06%
✅ New best model saved

Epoch 4/10
Train Acc: 37.33%
Val Acc:   62.56%
✅ New best model saved

Epoch 5/10
Train Acc: 37.92%
Val Acc:   64.62%
✅ New best model saved

Epoch 6/10
Train Acc: 39.04%
Val Acc:   65.77%
✅ New best model saved

Epoch 7/10
Train Acc: 39.88%
Val Acc:   67.21%
✅ New best model saved

Epoch 8/10
Train Acc: 40.56%
Val Acc:   68.41%
✅ New best model saved

Epoch 9/10
Train Acc: 39.83%
Val Acc:   69.26%
✅ New best model saved

Epoch 10/10
Train Acc: 41.56%
Val Acc:   69.63%
✅ New best model saved
============================================================
Training Finished
Best Validation Accuracy: 69.63%
============================================================
