============================================================
<== Training Started ==>
Model: vit_small
Timestamp: 20260304_011927
Device: mps
============================================================

Epoch 1/10
Train Acc: 37.04%
Val Acc:   51.59%
✅ New best model saved

Epoch 2/10
Train Acc: 54.42%
Val Acc:   52.70%
✅ New best model saved

Epoch 3/10
Train Acc: 59.16%
Val Acc:   56.98%
✅ New best model saved

Epoch 4/10
Train Acc: 62.49%
Val Acc:   60.14%
✅ New best model saved

Epoch 5/10
Train Acc: 66.55%
Val Acc:   61.12%
✅ New best model saved

Epoch 6/10
Train Acc: 69.29%
Val Acc:   63.19%
✅ New best model saved

Epoch 7/10
Train Acc: 72.57%
Val Acc:   64.42%
✅ New best model saved

Epoch 8/10
Train Acc: 76.32%
Val Acc:   65.28%
✅ New best model saved

Epoch 9/10
Train Acc: 80.28%
Val Acc:   65.21%

Epoch 10/10
Train Acc: 82.37%
Val Acc:   65.74%
✅ New best model saved
============================================================
Training Finished
Best Validation Accuracy: 65.74%
============================================================
